src/components/transcription/TranscriptionInterface.tsx(803,22): error TS2367: This comparison appears to be unintentional because the types '"error" | "recording" | "idle" | "processing" | "ready"' and '"transcribing"' have no overlap.
src/components/transcription/__tests__/TranscriptionInterface.test.tsx(2,54): error TS2307: Cannot find module 'vitest' or its corresponding type declarations.
src/config/template-config.ts(131,7): error TS2353: Object literal may only specify known properties, and 'comprehensivePrompts' does not exist in type '{ verbatimSupport: boolean; voiceCommandsSupport: boolean; aiFormatting: boolean; postProcessing: boolean; }'.
src/config/template-config.ts(143,7): error TS2353: Object literal may only specify known properties, and 'comprehensivePrompts' does not exist in type '{ mode?: string | undefined; section?: string | undefined; language?: string | undefined; enforceWorkerFirst?: boolean | undefined; chronologicalOrder?: boolean | undefined; medicalTerminology?: boolean | undefined; templateCombo?: string | undefined; aiFormattingEnabled?: boolean | undefined; deterministicFirst?: b...'.
src/lib/authClient.ts(258,11): error TS2353: Object literal may only specify known properties, and 'state' does not exist in type '{ redirectTo?: string | undefined; scopes?: string | undefined; queryParams?: { [key: string]: string; } | undefined; skipBrowserRedirect?: boolean | undefined; }'.
src/pages/ProfilePage.tsx(14,24): error TS6133: 'uiToDbLocale' is declared but its value is never read.
